Initializing database...
Database initialized successfully
Restoring WhatsApp sessions...
WhatsApp sessions restored
Auto-reply service initialized

🚀 Server running on http://localhost:3000
📱 WhatsApp Warming System ready!

API Endpoints:
  - Accounts: http://localhost:3000/api/accounts
  - Messages: http://localhost:3000/api/messages
  - Media: http://localhost:3000/api/media
  - Config: http://localhost:3000/api/config
  - Interactions: http://localhost:3000/api/interactions
SyntaxError: Unexpected token : in JSON at position 8
    at JSON.parse (<anonymous>)
    at parse (/home/ubuntu/backend/node_modules/body-parser/lib/types/json.js:92:19)
    at /home/ubuntu/backend/node_modules/body-parser/lib/read.js:128:18
    at AsyncResource.runInAsyncScope (node:async_hooks:203:9)
    at invokeCallback (/home/ubuntu/backend/node_modules/raw-body/index.js:238:16)
    at done (/home/ubuntu/backend/node_modules/raw-body/index.js:227:7)
    at IncomingMessage.onEnd (/home/ubuntu/backend/node_modules/raw-body/index.js:287:7)
    at IncomingMessage.emit (node:events:517:28)
    at endReadableNT (node:internal/streams/readable:1400:12)
    at process.processTicksAndRejections (node:internal/process/task_queues:82:21)
